#
# There is insufficient memory for the Java Runtime Environment to continue.
# Native memory allocation (mmap) failed to map 65536 bytes for Failed to commit metaspace.
# Possible reasons:
#   The system is out of physical RAM or swap space
#   The process is running with CompressedOops enabled, and the Java Heap may be blocking the growth of the native heap
# Possible solutions:
#   Reduce memory load on the system
#   Increase physical memory or swap space
#   Check if swap backing store is full
#   Decrease Java heap size (-Xmx/-Xms)
#   Decrease number of Java threads
#   Decrease Java thread stack sizes (-Xss)
#   Set larger code cache with -XX:ReservedCodeCacheSize=
#   JVM is running with Zero Based Compressed Oops mode in which the Java heap is
#     placed in the first 32GB address space. The Java Heap base address is the
#     maximum limit for the native heap growth. Please use -XX:HeapBaseMinAddress
#     to set the Java Heap base and to place the Java Heap above 32GB virtual address.
# This output file may be truncated or incomplete.
#
#  Out of Memory Error (virtualSpaceNode.cpp:110), pid=2476, tid=3880
#
# JRE version: OpenJDK Runtime Environment JBR-17.0.6+10-829.5-jcef (17.0.6+10) (build 17.0.6+10-b829.5)
# Java VM: OpenJDK 64-Bit Server VM JBR-17.0.6+10-829.5-jcef (17.0.6+10-b829.5, mixed mode, tiered, compressed oops, compressed class ptrs, g1 gc, windows-amd64)
# No core dump will be written. Minidumps are not enabled by default on client versions of Windows
#

---------------  S U M M A R Y ------------

Command Line: git4idea.http.GitAskPassApp Password for 'https://Peter2s@github.com': 

Host: Intel(R) Core(TM) i5-5200U CPU @ 2.20GHz, 4 cores, 15G,  Windows 10 , 64 bit Build 19041 (10.0.19041.3031)
Time: Wed Jun 21 01:06:03 2023 Egypt Daylight Time elapsed time: 0.963921 seconds (0d 0h 0m 0s)

---------------  T H R E A D  ---------------

Current thread (0x000002345c85c090):  JavaThread "main" [_thread_in_vm, id=3880, stack(0x000000f6c2c00000,0x000000f6c2d00000)]

Stack: [0x000000f6c2c00000,0x000000f6c2d00000]
Native frames: (J=compiled Java code, j=interpreted, Vv=VM code, C=native code)
V  [jvm.dll+0x683b4a]
V  [jvm.dll+0x842654]
V  [jvm.dll+0x843dfe]
V  [jvm.dll+0x844463]
V  [jvm.dll+0x249b75]
V  [jvm.dll+0x83e6ab]
V  [jvm.dll+0x627fa6]
V  [jvm.dll+0x1c194e]
V  [jvm.dll+0x62a8e1]
V  [jvm.dll+0x628946]
V  [jvm.dll+0x3707f2]
V  [jvm.dll+0x1e565b]
V  [jvm.dll+0x547fb6]
V  [jvm.dll+0x1f46eb]
V  [jvm.dll+0x7bc67b]
V  [jvm.dll+0x7bdac2]
V  [jvm.dll+0x7be259]
V  [jvm.dll+0x1eecf4]
V  [jvm.dll+0x1e3de5]
V  [jvm.dll+0x547f8d]
V  [jvm.dll+0x1f46eb]
V  [jvm.dll+0x7bc67b]
V  [jvm.dll+0x7bdac2]
V  [jvm.dll+0x7bddf8]
V  [jvm.dll+0x24190e]
V  [jvm.dll+0x38437e]
C  0x000002346751b704

Java frames: (J=compiled Java code, j=interpreted, Vv=VM code)
j  java.util.stream.ReferencePipeline.map(Ljava/util/function/Function;)Ljava/util/stream/Stream;+5 java.base@17.0.6
j  java.lang.SecurityManager.addNonExportedPackages(Ljava/lang/ModuleLayer;)V+22 java.base@17.0.6
j  java.lang.SecurityManager.<clinit>()V+47 java.base@17.0.6
v  ~StubRoutines::call_stub
j  javax.crypto.Cipher.getConfiguredPermission(Ljava/lang/String;)Ljavax/crypto/CryptoPermission;+17 java.base@17.0.6
j  javax.crypto.Cipher.getMaxAllowedKeyLength(Ljava/lang/String;)I+1 java.base@17.0.6
j  sun.security.ssl.SSLCipher.isUnlimited(ILjava/lang/String;)Z+13 java.base@17.0.6
j  sun.security.ssl.SSLCipher.<init>(Ljava/lang/String;ILjava/lang/String;Lsun/security/ssl/CipherType;IIIIZZ[Ljava/util/Map$Entry;[Ljava/util/Map$Entry;)V+117 java.base@17.0.6
j  sun.security.ssl.SSLCipher.<clinit>()V+645 java.base@17.0.6
v  ~StubRoutines::call_stub
j  sun.security.ssl.CipherSuite.<clinit>()V+18 java.base@17.0.6
v  ~StubRoutines::call_stub
j  sun.security.ssl.SSLContextImpl.getApplicableSupportedCipherSuites(Ljava/util/List;)Ljava/util/List;+0 java.base@17.0.6
j  sun.security.ssl.SSLContextImpl$AbstractTLSContext.<clinit>()V+84 java.base@17.0.6
v  ~StubRoutines::call_stub
j  java.lang.Class.forName0(Ljava/lang/String;ZLjava/lang/ClassLoader;Ljava/lang/Class;)Ljava/lang/Class;+0 java.base@17.0.6
j  java.lang.Class.forName(Ljava/lang/String;)Ljava/lang/Class;+11 java.base@17.0.6
j  java.security.Provider$Service.getImplClass()Ljava/lang/Class;+64 java.base@17.0.6
j  java.security.Provider$Service.getDefaultConstructor()Ljava/lang/reflect/Constructor;+46 java.base@17.0.6
j  java.security.Provider$Service.newInstanceOf()Ljava/lang/Object;+1 java.base@17.0.6
j  java.security.Provider$Service.newInstanceUtil(Ljava/lang/Class;Ljava/lang/Object;)Ljava/lang/Object;+5 java.base@17.0.6
j  java.security.Provider$Service.newInstance(Ljava/lang/Object;)Ljava/lang/Object;+227 java.base@17.0.6
j  sun.security.jca.GetInstance.getInstance(Ljava/security/Provider$Service;Ljava/lang/Class;)Lsun/security/jca/GetInstance$Instance;+2 java.base@17.0.6
j  sun.security.jca.GetInstance.getInstance(Ljava/lang/String;Ljava/lang/Class;Ljava/lang/String;)Lsun/security/jca/GetInstance$Instance;+56 java.base@17.0.6
j  javax.net.ssl.SSLContext.getInstance(Ljava/lang/String;)Ljavax/net/ssl/SSLContext;+12 java.base@17.0.6
j  externalApp.ExternalAppUtil.sendIdeRequest(Ljava/lang/String;ILjava/lang/String;Ljava/lang/String;)LexternalApp/ExternalAppUtil$Result;+34
j  git4idea.http.GitAskPassApp.main([Ljava/lang/String;)V+37
v  ~StubRoutines::call_stub

---------------  P R O C E S S  ---------------

Threads class SMR info:
_java_thread_list=0x000002347b92c570, length=12, elements={
0x000002345c85c090, 0x000002347b841620, 0x000002347b842490, 0x000002347b82d1c0,
0x000002347b82dd70, 0x000002347b8703f0, 0x000002347b870da0, 0x000002347b871b30,
0x000002347b8725d0, 0x000002347b8e4f00, 0x000002347b94b9e0, 0x000002347b95f960
}

Java Threads: ( => current thread )
=>0x000002345c85c090 JavaThread "main" [_thread_in_vm, id=3880, stack(0x000000f6c2c00000,0x000000f6c2d00000)]
  0x000002347b841620 JavaThread "Reference Handler" daemon [_thread_blocked, id=16716, stack(0x000000f6c3300000,0x000000f6c3400000)]
  0x000002347b842490 JavaThread "Finalizer" daemon [_thread_blocked, id=11380, stack(0x000000f6c3400000,0x000000f6c3500000)]
  0x000002347b82d1c0 JavaThread "Signal Dispatcher" daemon [_thread_blocked, id=13888, stack(0x000000f6c3500000,0x000000f6c3600000)]
  0x000002347b82dd70 JavaThread "Attach Listener" daemon [_thread_blocked, id=3116, stack(0x000000f6c3600000,0x000000f6c3700000)]
  0x000002347b8703f0 JavaThread "Service Thread" daemon [_thread_blocked, id=4376, stack(0x000000f6c3700000,0x000000f6c3800000)]
  0x000002347b870da0 JavaThread "Monitor Deflation Thread" daemon [_thread_blocked, id=2480, stack(0x000000f6c3800000,0x000000f6c3900000)]
  0x000002347b871b30 JavaThread "C2 CompilerThread0" daemon [_thread_blocked, id=7304, stack(0x000000f6c3900000,0x000000f6c3a00000)]
  0x000002347b8725d0 JavaThread "C1 CompilerThread0" daemon [_thread_in_vm, id=13728, stack(0x000000f6c3a00000,0x000000f6c3b00000)]
  0x000002347b8e4f00 JavaThread "Sweeper thread" daemon [_thread_blocked, id=14896, stack(0x000000f6c3b00000,0x000000f6c3c00000)]
  0x000002347b94b9e0 JavaThread "Notification Thread" daemon [_thread_blocked, id=11048, stack(0x000000f6c3c00000,0x000000f6c3d00000)]
  0x000002347b95f960 JavaThread "Common-Cleaner" daemon [_thread_blocked, id=1636, stack(0x000000f6c3e00000,0x000000f6c3f00000)]

Other Threads:
  0x000002347ac5e9c0 VMThread "VM Thread" [stack: 0x000000f6c3200000,0x000000f6c3300000] [id=5992]
  0x000002347b94d2c0 WatcherThread [stack: 0x000000f6c3d00000,0x000000f6c3e00000] [id=2848]
  0x000002345c8c7890 GCTaskThread "GC Thread#0" [stack: 0x000000f6c2d00000,0x000000f6c2e00000] [id=11480]
  0x000002345c8d8690 ConcurrentGCThread "G1 Main Marker" [stack: 0x000000f6c2e00000,0x000000f6c2f00000] [id=16448]
  0x000002345c8d90a0 ConcurrentGCThread "G1 Conc#0" [stack: 0x000000f6c2f00000,0x000000f6c3000000] [id=15020]
  0x000002345c918980 ConcurrentGCThread "G1 Refine#0" [stack: 0x000000f6c3000000,0x000000f6c3100000] [id=1688]
  0x000002347aae44d0 ConcurrentGCThread "G1 Service" [stack: 0x000000f6c3100000,0x000000f6c3200000] [id=10288]

Threads with active compile tasks:
C1 CompilerThread0     1031  238       3       jdk.internal.org.objectweb.asm.ByteVector::putShort (52 bytes)

VM state: not at safepoint (normal execution)

VM Mutex/Monitor currently owned by a thread:  ([mutex/lock_event])
[0x000002345a639e40] Metaspace_lock - owner thread: 0x000002345c85c090
[0x000002345c857780] MethodData_lock - owner thread: 0x000002347b8725d0

Heap address: 0x0000000701400000, size: 4076 MB, Compressed Oops mode: Zero based, Oop shift amount: 3

CDS archive(s) not mapped
Compressed class space mapped at: 0x0000000800000000-0x0000000840000000, reserved size: 1073741824
Narrow klass base: 0x0000000800000000, Narrow klass shift: 0, Narrow klass range: 0x40000000

GC Precious Log:
 CPUs: 4 total, 4 available
 Memory: 16303M
 Large Page Support: Disabled
 NUMA Support: Disabled
 Compressed Oops: Enabled (Zero based)
 Heap Region Size: 2M
 Heap Min Capacity: 8M
 Heap Initial Capacity: 256M
 Heap Max Capacity: 4076M
 Pre-touch: Disabled
 Parallel Workers: 4
 Concurrent Workers: 1
 Concurrent Refinement Workers: 4
 Periodic GC: Disabled

Heap:
 garbage-first heap   total 262144K, used 2048K [0x0000000701400000, 0x0000000800000000)
  region size 2048K, 2 young (4096K), 0 survivors (0K)
 Metaspace       used 8686K, committed 8832K, reserved 1056768K
  class space    used 775K, committed 832K, reserved 1048576K

Heap Regions: E=young(eden), S=young(survivor), O=old, HS=humongous(starts), HC=humongous(continues), CS=collection set, F=free, OA=open archive, CA=closed archive, TAMS=top-at-mark-start (previous, next)
|   0|0x0000000701400000, 0x0000000701400000, 0x0000000701600000|  0%| F|  |TAMS 0x0000000701400000, 0x0000000701400000| Untracked 
|   1|0x0000000701600000, 0x0000000701600000, 0x0000000701800000|  0%| F|  |TAMS 0x0000000701600000, 0x0000000701600000| Untracked 
|   2|0x0000000701800000, 0x0000000701800000, 0x0000000701a00000|  0%| F|  |TAMS 0x0000000701800000, 0x0000000701800000| Untracked 
|   3|0x0000000701a00000, 0x0000000701a00000, 0x0000000701c00000|  0%| F|  |TAMS 0x0000000701a00000, 0x0000000701a00000| Untracked 
|   4|0x0000000701c00000, 0x0000000701c00000, 0x0000000701e00000|  0%| F|  |TAMS 0x0000000701c00000, 0x0000000701c00000| Untracked 
|   5|0x0000000701e00000, 0x0000000701e00000, 0x0000000702000000|  0%| F|  |TAMS 0x0000000701e00000, 0x0000000701e00000| Untracked 
|   6|0x0000000702000000, 0x0000000702000000, 0x0000000702200000|  0%| F|  |TAMS 0x0000000702000000, 0x0000000702000000| Untracked 
|   7|0x0000000702200000, 0x0000000702200000, 0x0000000702400000|  0%| F|  |TAMS 0x0000000702200000, 0x0000000702200000| Untracked 
|   8|0x0000000702400000, 0x0000000702400000, 0x0000000702600000|  0%| F|  |TAMS 0x0000000702400000, 0x0000000702400000| Untracked 
|   9|0x0000000702600000, 0x0000000702600000, 0x0000000702800000|  0%| F|  |TAMS 0x0000000702600000, 0x0000000702600000| Untracked 
|  10|0x0000000702800000, 0x0000000702800000, 0x0000000702a00000|  0%| F|  |TAMS 0x0000000702800000, 0x0000000702800000| Untracked 
|  11|0x0000000702a00000, 0x0000000702a00000, 0x0000000702c00000|  0%| F|  |TAMS 0x0000000702a00000, 0x0000000702a00000| Untracked 
|  12|0x0000000702c00000, 0x0000000702c00000, 0x0000000702e00000|  0%| F|  |TAMS 0x0000000702c00000, 0x0000000702c00000| Untracked 
|  13|0x0000000702e00000, 0x0000000702e00000, 0x0000000703000000|  0%| F|  |TAMS 0x0000000702e00000, 0x0000000702e00000| Untracked 
|  14|0x0000000703000000, 0x0000000703000000, 0x0000000703200000|  0%| F|  |TAMS 0x0000000703000000, 0x0000000703000000| Untracked 
|  15|0x0000000703200000, 0x0000000703200000, 0x0000000703400000|  0%| F|  |TAMS 0x0000000703200000, 0x0000000703200000| Untracked 
|  16|0x0000000703400000, 0x0000000703400000, 0x0000000703600000|  0%| F|  |TAMS 0x0000000703400000, 0x0000000703400000| Untracked 
|  17|0x0000000703600000, 0x0000000703600000, 0x0000000703800000|  0%| F|  |TAMS 0x0000000703600000, 0x0000000703600000| Untracked 
|  18|0x0000000703800000, 0x0000000703800000, 0x0000000703a00000|  0%| F|  |TAMS 0x0000000703800000, 0x0000000703800000| Untracked 
|  19|0x0000000703a00000, 0x0000000703a00000, 0x0000000703c00000|  0%| F|  |TAMS 0x0000000703a00000, 0x0000000703a00000| Untracked 
|  20|0x0000000703c00000, 0x0000000703c00000, 0x0000000703e00000|  0%| F|  |TAMS 0x0000000703c00000, 0x0000000703c00000| Untracked 
|  21|0x0000000703e00000, 0x0000000703e00000, 0x0000000704000000|  0%| F|  |TAMS 0x0000000703e00000, 0x0000000703e00000| Untracked 
|  22|0x0000000704000000, 0x0000000704000000, 0x0000000704200000|  0%| F|  |TAMS 0x0000000704000000, 0x0000000704000000| Untracked 
|  23|0x0000000704200000, 0x0000000704200000, 0x0000000704400000|  0%| F|  |TAMS 0x0000000704200000, 0x0000000704200000| Untracked 
|  24|0x0000000704400000, 0x0000000704400000, 0x0000000704600000|  0%| F|  |TAMS 0x0000000704400000, 0x0000000704400000| Untracked 
|  25|0x0000000704600000, 0x0000000704600000, 0x0000000704800000|  0%| F|  |TAMS 0x0000000704600000, 0x0000000704600000| Untracked 
|  26|0x0000000704800000, 0x0000000704800000, 0x0000000704a00000|  0%| F|  |TAMS 0x0000000704800000, 0x0000000704800000| Untracked 
|  27|0x0000000704a00000, 0x0000000704a00000, 0x0000000704c00000|  0%| F|  |TAMS 0x0000000704a00000, 0x0000000704a00000| Untracked 
|  28|0x0000000704c00000, 0x0000000704c00000, 0x0000000704e00000|  0%| F|  |TAMS 0x0000000704c00000, 0x0000000704c00000| Untracked 
|  29|0x0000000704e00000, 0x0000000704e00000, 0x0000000705000000|  0%| F|  |TAMS 0x0000000704e00000, 0x0000000704e00000| Untracked 
|  30|0x0000000705000000, 0x0000000705000000, 0x0000000705200000|  0%| F|  |TAMS 0x0000000705000000, 0x0000000705000000| Untracked 
|  31|0x0000000705200000, 0x0000000705200000, 0x0000000705400000|  0%| F|  |TAMS 0x0000000705200000, 0x0000000705200000| Untracked 
|  32|0x0000000705400000, 0x0000000705400000, 0x0000000705600000|  0%| F|  |TAMS 0x0000000705400000, 0x0000000705400000| Untracked 
|  33|0x0000000705600000, 0x0000000705600000, 0x0000000705800000|  0%| F|  |TAMS 0x0000000705600000, 0x0000000705600000| Untracked 
|  34|0x0000000705800000, 0x0000000705800000, 0x0000000705a00000|  0%| F|  |TAMS 0x0000000705800000, 0x0000000705800000| Untracked 
|  35|0x0000000705a00000, 0x0000000705a00000, 0x0000000705c00000|  0%| F|  |TAMS 0x0000000705a00000, 0x0000000705a00000| Untracked 
|  36|0x0000000705c00000, 0x0000000705c00000, 0x0000000705e00000|  0%| F|  |TAMS 0x0000000705c00000, 0x0000000705c00000| Untracked 
|  37|0x0000000705e00000, 0x0000000705e00000, 0x0000000706000000|  0%| F|  |TAMS 0x0000000705e00000, 0x0000000705e00000| Untracked 
|  38|0x0000000706000000, 0x0000000706000000, 0x0000000706200000|  0%| F|  |TAMS 0x0000000706000000, 0x0000000706000000| Untracked 
|  39|0x0000000706200000, 0x0000000706200000, 0x0000000706400000|  0%| F|  |TAMS 0x0000000706200000, 0x0000000706200000| Untracked 
|  40|0x0000000706400000, 0x0000000706400000, 0x0000000706600000|  0%| F|  |TAMS 0x0000000706400000, 0x0000000706400000| Untracked 
|  41|0x0000000706600000, 0x0000000706600000, 0x0000000706800000|  0%| F|  |TAMS 0x0000000706600000, 0x0000000706600000| Untracked 
|  42|0x0000000706800000, 0x0000000706800000, 0x0000000706a00000|  0%| F|  |TAMS 0x0000000706800000, 0x0000000706800000| Untracked 
|  43|0x0000000706a00000, 0x0000000706a00000, 0x0000000706c00000|  0%| F|  |TAMS 0x0000000706a00000, 0x0000000706a00000| Untracked 
|  44|0x0000000706c00000, 0x0000000706c00000, 0x0000000706e00000|  0%| F|  |TAMS 0x0000000706c00000, 0x0000000706c00000| Untracked 
|  45|0x0000000706e00000, 0x0000000706e00000, 0x0000000707000000|  0%| F|  |TAMS 0x0000000706e00000, 0x0000000706e00000| Untracked 
|  46|0x0000000707000000, 0x0000000707000000, 0x0000000707200000|  0%| F|  |TAMS 0x0000000707000000, 0x0000000707000000| Untracked 
|  47|0x0000000707200000, 0x0000000707200000, 0x0000000707400000|  0%| F|  |TAMS 0x0000000707200000, 0x0000000707200000| Untracked 
|  48|0x0000000707400000, 0x0000000707400000, 0x0000000707600000|  0%| F|  |TAMS 0x0000000707400000, 0x0000000707400000| Untracked 
|  49|0x0000000707600000, 0x0000000707600000, 0x0000000707800000|  0%| F|  |TAMS 0x0000000707600000, 0x0000000707600000| Untracked 
|  50|0x0000000707800000, 0x0000000707800000, 0x0000000707a00000|  0%| F|  |TAMS 0x0000000707800000, 0x0000000707800000| Untracked 
|  51|0x0000000707a00000, 0x0000000707a00000, 0x0000000707c00000|  0%| F|  |TAMS 0x0000000707a00000, 0x0000000707a00000| Untracked 
|  52|0x0000000707c00000, 0x0000000707c00000, 0x0000000707e00000|  0%| F|  |TAMS 0x0000000707c00000, 0x0000000707c00000| Untracked 
|  53|0x0000000707e00000, 0x0000000707e00000, 0x0000000708000000|  0%| F|  |TAMS 0x0000000707e00000, 0x0000000707e00000| Untracked 
|  54|0x0000000708000000, 0x0000000708000000, 0x0000000708200000|  0%| F|  |TAMS 0x0000000708000000, 0x0000000708000000| Untracked 
|  55|0x0000000708200000, 0x0000000708200000, 0x0000000708400000|  0%| F|  |TAMS 0x0000000708200000, 0x0000000708200000| Untracked 
|  56|0x0000000708400000, 0x0000000708400000, 0x0000000708600000|  0%| F|  |TAMS 0x0000000708400000, 0x0000000708400000| Untracked 
|  57|0x0000000708600000, 0x0000000708600000, 0x0000000708800000|  0%| F|  |TAMS 0x0000000708600000, 0x0000000708600000| Untracked 
|  58|0x0000000708800000, 0x0000000708800000, 0x0000000708a00000|  0%| F|  |TAMS 0x0000000708800000, 0x0000000708800000| Untracked 
|  59|0x0000000708a00000, 0x0000000708a00000, 0x0000000708c00000|  0%| F|  |TAMS 0x0000000708a00000, 0x0000000708a00000| Untracked 
|  60|0x0000000708c00000, 0x0000000708c00000, 0x0000000708e00000|  0%| F|  |TAMS 0x0000000708c00000, 0x0000000708c00000| Untracked 
|  61|0x0000000708e00000, 0x0000000708e00000, 0x0000000709000000|  0%| F|  |TAMS 0x0000000708e00000, 0x0000000708e00000| Untracked 
|  62|0x0000000709000000, 0x0000000709000000, 0x0000000709200000|  0%| F|  |TAMS 0x0000000709000000, 0x0000000709000000| Untracked 
|  63|0x0000000709200000, 0x0000000709200000, 0x0000000709400000|  0%| F|  |TAMS 0x0000000709200000, 0x0000000709200000| Untracked 
|  64|0x0000000709400000, 0x0000000709400000, 0x0000000709600000|  0%| F|  |TAMS 0x0000000709400000, 0x0000000709400000| Untracked 
|  65|0x0000000709600000, 0x0000000709600000, 0x0000000709800000|  0%| F|  |TAMS 0x0000000709600000, 0x0000000709600000| Untracked 
|  66|0x0000000709800000, 0x0000000709800000, 0x0000000709a00000|  0%| F|  |TAMS 0x0000000709800000, 0x0000000709800000| Untracked 
|  67|0x0000000709a00000, 0x0000000709a00000, 0x0000000709c00000|  0%| F|  |TAMS 0x0000000709a00000, 0x0000000709a00000| Untracked 
|  68|0x0000000709c00000, 0x0000000709c00000, 0x0000000709e00000|  0%| F|  |TAMS 0x0000000709c00000, 0x0000000709c00000| Untracked 
|  69|0x0000000709e00000, 0x0000000709e00000, 0x000000070a000000|  0%| F|  |TAMS 0x0000000709e00000, 0x0000000709e00000| Untracked 
|  70|0x000000070a000000, 0x000000070a000000, 0x000000070a200000|  0%| F|  |TAMS 0x000000070a000000, 0x000000070a000000| Untracked 
|  71|0x000000070a200000, 0x000000070a200000, 0x000000070a400000|  0%| F|  |TAMS 0x000000070a200000, 0x000000070a200000| Untracked 
|  72|0x000000070a400000, 0x000000070a400000, 0x000000070a600000|  0%| F|  |TAMS 0x000000070a400000, 0x000000070a400000| Untracked 
|  73|0x000000070a600000, 0x000000070a600000, 0x000000070a800000|  0%| F|  |TAMS 0x000000070a600000, 0x000000070a600000| Untracked 
|  74|0x000000070a800000, 0x000000070a800000, 0x000000070aa00000|  0%| F|  |TAMS 0x000000070a800000, 0x000000070a800000| Untracked 
|  75|0x000000070aa00000, 0x000000070aa00000, 0x000000070ac00000|  0%| F|  |TAMS 0x000000070aa00000, 0x000000070aa00000| Untracked 
|  76|0x000000070ac00000, 0x000000070ac00000, 0x000000070ae00000|  0%| F|  |TAMS 0x000000070ac00000, 0x000000070ac00000| Untracked 
|  77|0x000000070ae00000, 0x000000070ae00000, 0x000000070b000000|  0%| F|  |TAMS 0x000000070ae00000, 0x000000070ae00000| Untracked 
|  78|0x000000070b000000, 0x000000070b000000, 0x000000070b200000|  0%| F|  |TAMS 0x000000070b000000, 0x000000070b000000| Untracked 
|  79|0x000000070b200000, 0x000000070b200000, 0x000000070b400000|  0%| F|  |TAMS 0x000000070b200000, 0x000000070b200000| Untracked 
|  80|0x000000070b400000, 0x000000070b400000, 0x000000070b600000|  0%| F|  |TAMS 0x000000070b400000, 0x000000070b400000| Untracked 
|  81|0x000000070b600000, 0x000000070b600000, 0x000000070b800000|  0%| F|  |TAMS 0x000000070b600000, 0x000000070b600000| Untracked 
|  82|0x000000070b800000, 0x000000070b800000, 0x000000070ba00000|  0%| F|  |TAMS 0x000000070b800000, 0x000000070b800000| Untracked 
|  83|0x000000070ba00000, 0x000000070ba00000, 0x000000070bc00000|  0%| F|  |TAMS 0x000000070ba00000, 0x000000070ba00000| Untracked 
|  84|0x000000070bc00000, 0x000000070bc00000, 0x000000070be00000|  0%| F|  |TAMS 0x000000070bc00000, 0x000000070bc00000| Untracked 
|  85|0x000000070be00000, 0x000000070be00000, 0x000000070c000000|  0%| F|  |TAMS 0x000000070be00000, 0x000000070be00000| Untracked 
|  86|0x000000070c000000, 0x000000070c000000, 0x000000070c200000|  0%| F|  |TAMS 0x000000070c000000, 0x000000070c000000| Untracked 
|  87|0x000000070c200000, 0x000000070c200000, 0x000000070c400000|  0%| F|  |TAMS 0x000000070c200000, 0x000000070c200000| Untracked 
|  88|0x000000070c400000, 0x000000070c400000, 0x000000070c600000|  0%| F|  |TAMS 0x000000070c400000, 0x000000070c400000| Untracked 
|  89|0x000000070c600000, 0x000000070c600000, 0x000000070c800000|  0%| F|  |TAMS 0x000000070c600000, 0x000000070c600000| Untracked 
|  90|0x000000070c800000, 0x000000070c800000, 0x000000070ca00000|  0%| F|  |TAMS 0x000000070c800000, 0x000000070c800000| Untracked 
|  91|0x000000070ca00000, 0x000000070ca00000, 0x000000070cc00000|  0%| F|  |TAMS 0x000000070ca00000, 0x000000070ca00000| Untracked 
|  92|0x000000070cc00000, 0x000000070cc00000, 0x000000070ce00000|  0%| F|  |TAMS 0x000000070cc00000, 0x000000070cc00000| Untracked 
|  93|0x000000070ce00000, 0x000000070ce00000, 0x000000070d000000|  0%| F|  |TAMS 0x000000070ce00000, 0x000000070ce00000| Untracked 
|  94|0x000000070d000000, 0x000000070d000000, 0x000000070d200000|  0%| F|  |TAMS 0x000000070d000000, 0x000000070d000000| Untracked 
|  95|0x000000070d200000, 0x000000070d200000, 0x000000070d400000|  0%| F|  |TAMS 0x000000070d200000, 0x000000070d200000| Untracked 
|  96|0x000000070d400000, 0x000000070d400000, 0x000000070d600000|  0%| F|  |TAMS 0x000000070d400000, 0x000000070d400000| Untracked 
|  97|0x000000070d600000, 0x000000070d600000, 0x000000070d800000|  0%| F|  |TAMS 0x000000070d600000, 0x000000070d600000| Untracked 
|  98|0x000000070d800000, 0x000000070d800000, 0x000000070da00000|  0%| F|  |TAMS 0x000000070d800000, 0x000000070d800000| Untracked 
|  99|0x000000070da00000, 0x000000070da00000, 0x000000070dc00000|  0%| F|  |TAMS 0x000000070da00000, 0x000000070da00000| Untracked 
| 100|0x000000070dc00000, 0x000000070dc00000, 0x000000070de00000|  0%| F|  |TAMS 0x000000070dc00000, 0x000000070dc00000| Untracked 
| 101|0x000000070de00000, 0x000000070de00000, 0x000000070e000000|  0%| F|  |TAMS 0x000000070de00000, 0x000000070de00000| Untracked 
| 102|0x000000070e000000, 0x000000070e000000, 0x000000070e200000|  0%| F|  |TAMS 0x000000070e000000, 0x000000070e000000| Untracked 
| 103|0x000000070e200000, 0x000000070e200000, 0x000000070e400000|  0%| F|  |TAMS 0x000000070e200000, 0x000000070e200000| Untracked 
| 104|0x000000070e400000, 0x000000070e400000, 0x000000070e600000|  0%| F|  |TAMS 0x000000070e400000, 0x000000070e400000| Untracked 
| 105|0x000000070e600000, 0x000000070e600000, 0x000000070e800000|  0%| F|  |TAMS 0x000000070e600000, 0x000000070e600000| Untracked 
| 106|0x000000070e800000, 0x000000070e800000, 0x000000070ea00000|  0%| F|  |TAMS 0x000000070e800000, 0x000000070e800000| Untracked 
| 107|0x000000070ea00000, 0x000000070ea00000, 0x000000070ec00000|  0%| F|  |TAMS 0x000000070ea00000, 0x000000070ea00000| Untracked 
| 108|0x000000070ec00000, 0x000000070ec00000, 0x000000070ee00000|  0%| F|  |TAMS 0x000000070ec00000, 0x000000070ec00000| Untracked 
| 109|0x000000070ee00000, 0x000000070ee00000, 0x000000070f000000|  0%| F|  |TAMS 0x000000070ee00000, 0x000000070ee00000| Untracked 
| 110|0x000000070f000000, 0x000000070f000000, 0x000000070f200000|  0%| F|  |TAMS 0x000000070f000000, 0x000000070f000000| Untracked 
| 111|0x000000070f200000, 0x000000070f200000, 0x000000070f400000|  0%| F|  |TAMS 0x000000070f200000, 0x000000070f200000| Untracked 
| 112|0x000000070f400000, 0x000000070f400000, 0x000000070f600000|  0%| F|  |TAMS 0x000000070f400000, 0x000000070f400000| Untracked 
| 113|0x000000070f600000, 0x000000070f600000, 0x000000070f800000|  0%| F|  |TAMS 0x000000070f600000, 0x000000070f600000| Untracked 
| 114|0x000000070f800000, 0x000000070f800000, 0x000000070fa00000|  0%| F|  |TAMS 0x000000070f800000, 0x000000070f800000| Untracked 
| 115|0x000000070fa00000, 0x000000070fa00000, 0x000000070fc00000|  0%| F|  |TAMS 0x000000070fa00000, 0x000000070fa00000| Untracked 
| 116|0x000000070fc00000, 0x000000070fc00000, 0x000000070fe00000|  0%| F|  |TAMS 0x000000070fc00000, 0x000000070fc00000| Untracked 
| 117|0x000000070fe00000, 0x000000070fe00000, 0x0000000710000000|  0%| F|  |TAMS 0x000000070fe00000, 0x000000070fe00000| Untracked 
| 118|0x0000000710000000, 0x0000000710000000, 0x0000000710200000|  0%| F|  |TAMS 0x0000000710000000, 0x0000000710000000| Untracked 
| 119|0x0000000710200000, 0x0000000710200000, 0x0000000710400000|  0%| F|  |TAMS 0x0000000710200000, 0x0000000710200000| Untracked 
| 120|0x0000000710400000, 0x0000000710400000, 0x0000000710600000|  0%| F|  |TAMS 0x0000000710400000, 0x0000000710400000| Untracked 
| 121|0x0000000710600000, 0x0000000710600000, 0x0000000710800000|  0%| F|  |TAMS 0x0000000710600000, 0x0000000710600000| Untracked 
| 122|0x0000000710800000, 0x0000000710800000, 0x0000000710a00000|  0%| F|  |TAMS 0x0000000710800000, 0x0000000710800000| Untracked 
| 123|0x0000000710a00000, 0x0000000710a00000, 0x0000000710c00000|  0%| F|  |TAMS 0x0000000710a00000, 0x0000000710a00000| Untracked 
| 124|0x0000000710c00000, 0x0000000710c00000, 0x0000000710e00000|  0%| F|  |TAMS 0x0000000710c00000, 0x0000000710c00000| Untracked 
| 125|0x0000000710e00000, 0x0000000710e00000, 0x0000000711000000|  0%| F|  |TAMS 0x0000000710e00000, 0x0000000710e00000| Untracked 
| 126|0x0000000711000000, 0x00000007110fa490, 0x0000000711200000| 48%| E|  |TAMS 0x0000000711000000, 0x0000000711000000| Complete 
| 127|0x0000000711200000, 0x0000000711400000, 0x0000000711400000|100%| E|CS|TAMS 0x0000000711200000, 0x0000000711200000| Complete 

Card table byte_map: [0x000002346f7d0000,0x000002346ffd0000] _byte_map_base: 0x000002346bfc6000

Marking Bits (Prev, Next): (CMBitMap*) 0x000002345c8c7ea0, (CMBitMap*) 0x000002345c8c7ee0
 Prev Bits: [0x00000234707d0000, 0x0000023474780000)
 Next Bits: [0x0000023474780000, 0x0000023478730000)

Polling page: 0x000002345a7d0000

Metaspace:

Usage:
  Non-class:      7.73 MB used.
      Class:    775.48 KB used.
       Both:      8.48 MB used.

Virtual space:
  Non-class space:        8.00 MB reserved,       7.81 MB ( 98%) committed,  1 nodes.
      Class space:        1.00 GB reserved,     832.00 KB ( <1%) committed,  1 nodes.
             Both:        1.01 GB reserved,       8.62 MB ( <1%) committed. 

Chunk freelists:
   Non-Class:  226.00 KB
       Class:  3.11 MB
        Both:  3.33 MB

MaxMetaspaceSize: unlimited
CompressedClassSpaceSize: 1.00 GB
Initial GC threshold: 21.00 MB
Current GC threshold: 21.00 MB
CDS: off
MetaspaceReclaimPolicy: balanced
 - commit_granule_bytes: 65536.
 - commit_granule_words: 8192.
 - virtual_space_node_default_size: 1048576.
 - enlarge_chunks_in_place: 1.
 - new_chunks_are_fully_committed: 0.
 - uncommit_free_chunks: 1.
 - use_allocation_guard: 0.
 - handle_deallocations: 1.


Internal statistics:

num_allocs_failed_limit: 0.
num_arena_births: 8.
num_arena_deaths: 0.
num_vsnodes_births: 2.
num_vsnodes_deaths: 0.
num_space_committed: 138.
num_space_uncommitted: 0.
num_chunks_returned_to_freelist: 0.
num_chunks_taken_from_freelist: 33.
num_chunk_merges: 0.
num_chunk_splits: 13.
num_chunks_enlarged: 5.
num_purges: 0.
num_inconsistent_stats: 0.

CodeHeap 'non-profiled nmethods': size=120000Kb used=66Kb max_used=66Kb free=119933Kb
 bounds [0x0000023467aa0000, 0x0000023467d10000, 0x000002346efd0000]
CodeHeap 'profiled nmethods': size=120000Kb used=325Kb max_used=325Kb free=119674Kb
 bounds [0x000002345ffd0000, 0x0000023460240000, 0x0000023467500000]
CodeHeap 'non-nmethods': size=5760Kb used=1132Kb max_used=1145Kb free=4627Kb
 bounds [0x0000023467500000, 0x0000023467770000, 0x0000023467aa0000]
 total_blobs=656 nmethods=237 adapters=332
 compilation: enabled
              stopped_count=0, restarted_count=0
 full_count=0

Compilation events (20 events):
Event: 0.950 Thread 0x000002347b8725d0 nmethod 227 0x000002346001c290 code [0x000002346001c460, 0x000002346001c888]
Event: 0.950 Thread 0x000002347b8725d0  228   !   3       java.io.BufferedReader::read (104 bytes)
Event: 0.950 Thread 0x000002347b8725d0 nmethod 228 0x000002346001ca10 code [0x000002346001cc00, 0x000002346001d1f8]
Event: 0.950 Thread 0x000002347b8725d0  229       3       java.io.BufferedReader::ensureOpen (18 bytes)
Event: 0.950 Thread 0x000002347b8725d0 nmethod 229 0x000002346001d590 code [0x000002346001d740, 0x000002346001d968]
Event: 0.952 Thread 0x000002347b871b30  230       4       java.nio.DirectByteBuffer::ix (10 bytes)
Event: 0.952 Thread 0x000002347b8725d0  231       3       jdk.internal.jimage.ImageStringsReader::unmaskedHashCode (166 bytes)
Event: 0.953 Thread 0x000002347b871b30 nmethod 230 0x0000023467ab0490 code [0x0000023467ab0600, 0x0000023467ab0678]
Event: 0.953 Thread 0x000002347b871b30  232       4       java.lang.ref.Reference::reachabilityFence (1 bytes)
Event: 0.953 Thread 0x000002347b871b30 nmethod 232 0x0000023467ab0790 code [0x0000023467ab0900, 0x0000023467ab0958]
Event: 0.954 Thread 0x000002347b8725d0 nmethod 231 0x000002346001da90 code [0x000002346001dce0, 0x000002346001e8d8]
Event: 0.954 Thread 0x000002347b8725d0  233       3       jdk.internal.module.ModuleReferenceImpl::hashCode (56 bytes)
Event: 0.955 Thread 0x000002347b8725d0 nmethod 233 0x000002346001ee10 code [0x000002346001f000, 0x000002346001f488]
Event: 0.956 Thread 0x000002347b8725d0  234       3       java.util.regex.Pattern::isSupplementary (21 bytes)
Event: 0.956 Thread 0x000002347b8725d0 nmethod 234 0x000002346001f610 code [0x000002346001f7c0, 0x000002346001fa38]
Event: 0.956 Thread 0x000002347b8725d0  235       3       java.lang.Character::isSurrogate (18 bytes)
Event: 0.957 Thread 0x000002347b8725d0 nmethod 235 0x000002346001fb10 code [0x000002346001fca0, 0x000002346001fe38]
Event: 0.957 Thread 0x000002347b8725d0  236       3       java.lang.Character::charCount (12 bytes)
Event: 0.957 Thread 0x000002347b8725d0 nmethod 236 0x000002346001ff10 code [0x00000234600200a0, 0x0000023460020218]
Event: 0.961 Thread 0x000002347b8725d0  237       3       jdk.internal.org.objectweb.asm.ByteVector::putUTF8 (144 bytes)

GC Heap History (0 events):
No events

Dll operation events (1 events):
Event: 0.036 Loaded shared library C:\Program Files\JetBrains\WebStorm 2023.1\jbr\bin\java.dll

Deoptimization events (0 events):
No events

Classes unloaded (0 events):
No events

Classes redefined (0 events):
No events

Internal exceptions (1 events):
Event: 0.910 Thread 0x000002345c85c090 Exception <a 'sun/nio/fs/WindowsException'{0x00000007110b0fd8}> (0x00000007110b0fd8) 
thrown [s\src\hotspot\share\prims\jni.cpp, line 517]

VM Operations (0 events):
No events

Events (20 events):
Event: 0.958 loading class com/sun/crypto/provider/ElectronicCodeBook
Event: 0.958 loading class com/sun/crypto/provider/FeedbackCipher
Event: 0.958 loading class com/sun/crypto/provider/FeedbackCipher done
Event: 0.958 loading class com/sun/crypto/provider/ElectronicCodeBook done
Event: 0.958 loading class com/sun/crypto/provider/PKCS5Padding
Event: 0.958 loading class com/sun/crypto/provider/Padding
Event: 0.958 loading class com/sun/crypto/provider/Padding done
Event: 0.958 loading class com/sun/crypto/provider/PKCS5Padding done
Event: 0.959 loading class com/sun/crypto/provider/CipherBlockChaining
Event: 0.959 loading class com/sun/crypto/provider/CipherBlockChaining done
Event: 0.959 loading class sun/security/ssl/SSLCipher$T11BlockReadCipherGenerator
Event: 0.959 loading class sun/security/ssl/SSLCipher$T11BlockReadCipherGenerator done
Event: 0.959 loading class sun/security/ssl/SSLCipher$T11BlockWriteCipherGenerator
Event: 0.959 loading class sun/security/ssl/SSLCipher$T11BlockWriteCipherGenerator done
Event: 0.959 loading class javax/crypto/JceSecurityManager
Event: 0.960 loading class javax/crypto/JceSecurityManager done
Event: 0.960 loading class java/util/Spliterators$IteratorSpliterator
Event: 0.960 loading class java/util/Spliterators$IteratorSpliterator done
Event: 0.961 loading class java/util/stream/ReferencePipeline$3
Event: 0.961 loading class java/util/stream/ReferencePipeline$StatelessOp


Dynamic libraries:
0x00007ff6033e0000 - 0x00007ff6033ea000 	C:\Program Files\JetBrains\WebStorm 2023.1\jbr\bin\java.exe
0x00007ffc81cd0000 - 0x00007ffc81ec8000 	C:\WINDOWS\SYSTEM32\ntdll.dll
0x00007ffc80e30000 - 0x00007ffc80eef000 	C:\WINDOWS\System32\KERNEL32.DLL
0x00007ffc7f400000 - 0x00007ffc7f6f6000 	C:\WINDOWS\System32\KERNELBASE.dll
0x00007ffc7f820000 - 0x00007ffc7f920000 	C:\WINDOWS\System32\ucrtbase.dll
0x00007ffc466f0000 - 0x00007ffc46707000 	C:\Program Files\JetBrains\WebStorm 2023.1\jbr\bin\jli.dll
0x00007ffc80540000 - 0x00007ffc806dd000 	C:\WINDOWS\System32\USER32.dll
0x00007ffc7fcd0000 - 0x00007ffc7fcf2000 	C:\WINDOWS\System32\win32u.dll
0x00007ffc81c60000 - 0x00007ffc81c8c000 	C:\WINDOWS\System32\GDI32.dll
0x00007ffc7f700000 - 0x00007ffc7f815000 	C:\WINDOWS\System32\gdi32full.dll
0x00007ffc7f9b0000 - 0x00007ffc7fa4d000 	C:\WINDOWS\System32\msvcp_win.dll
0x00007ffc70d50000 - 0x00007ffc70fea000 	C:\WINDOWS\WinSxS\amd64_microsoft.windows.common-controls_6595b64144ccf1df_6.0.19041.1110_none_60b5254171f9507e\COMCTL32.dll
0x00007ffc6c060000 - 0x00007ffc6c07b000 	C:\Program Files\JetBrains\WebStorm 2023.1\jbr\bin\VCRUNTIME140.dll
0x00007ffc80380000 - 0x00007ffc8041e000 	C:\WINDOWS\System32\msvcrt.dll
0x00007ffc818f0000 - 0x00007ffc81920000 	C:\WINDOWS\System32\IMM32.DLL
0x00007ffc75350000 - 0x00007ffc7535c000 	C:\Program Files\JetBrains\WebStorm 2023.1\jbr\bin\vcruntime140_1.dll
0x00007ffc558e0000 - 0x00007ffc5596d000 	C:\Program Files\JetBrains\WebStorm 2023.1\jbr\bin\msvcp140.dll
0x00007ffc46b80000 - 0x00007ffc477ed000 	C:\Program Files\JetBrains\WebStorm 2023.1\jbr\bin\server\jvm.dll
0x00007ffc81360000 - 0x00007ffc8140f000 	C:\WINDOWS\System32\ADVAPI32.dll
0x00007ffc817f0000 - 0x00007ffc8188c000 	C:\WINDOWS\System32\sechost.dll
0x00007ffc81920000 - 0x00007ffc81a46000 	C:\WINDOWS\System32\RPCRT4.dll
0x00007ffc75b60000 - 0x00007ffc75b69000 	C:\WINDOWS\SYSTEM32\WSOCK32.dll
0x00007ffc80240000 - 0x00007ffc802ab000 	C:\WINDOWS\System32\WS2_32.dll
0x00007ffc6bfc0000 - 0x00007ffc6bfe7000 	C:\WINDOWS\SYSTEM32\WINMM.dll
0x00007ffc75090000 - 0x00007ffc7509a000 	C:\WINDOWS\SYSTEM32\VERSION.dll
0x00007ffc7d220000 - 0x00007ffc7d232000 	C:\WINDOWS\SYSTEM32\kernel.appcore.dll
0x00007ffc46b70000 - 0x00007ffc46b7a000 	C:\Program Files\JetBrains\WebStorm 2023.1\jbr\bin\jimage.dll
0x00007ffc76940000 - 0x00007ffc76b24000 	C:\WINDOWS\SYSTEM32\DBGHELP.DLL
0x00007ffc70ff0000 - 0x00007ffc71024000 	C:\WINDOWS\SYSTEM32\dbgcore.DLL
0x00007ffc7f920000 - 0x00007ffc7f9a2000 	C:\WINDOWS\System32\bcryptPrimitives.dll
0x00007ffc46b40000 - 0x00007ffc46b65000 	C:\Program Files\JetBrains\WebStorm 2023.1\jbr\bin\java.dll
0x00007ffc46b20000 - 0x00007ffc46b38000 	C:\Program Files\JetBrains\WebStorm 2023.1\jbr\bin\zip.dll
0x00007ffc806e0000 - 0x00007ffc80e24000 	C:\WINDOWS\System32\SHELL32.dll
0x00007ffc7d420000 - 0x00007ffc7dbb3000 	C:\WINDOWS\SYSTEM32\windows.storage.dll
0x00007ffc81420000 - 0x00007ffc81774000 	C:\WINDOWS\System32\combase.dll
0x00007ffc7ed20000 - 0x00007ffc7ed4e000 	C:\WINDOWS\SYSTEM32\Wldp.dll
0x00007ffc7fd30000 - 0x00007ffc7fddd000 	C:\WINDOWS\System32\SHCORE.dll
0x00007ffc7ffa0000 - 0x00007ffc7fff5000 	C:\WINDOWS\System32\shlwapi.dll
0x00007ffc7f2f0000 - 0x00007ffc7f30f000 	C:\WINDOWS\SYSTEM32\profapi.dll
0x00007ffc46b00000 - 0x00007ffc46b19000 	C:\Program Files\JetBrains\WebStorm 2023.1\jbr\bin\net.dll
0x00007ffc71870000 - 0x00007ffc7197a000 	C:\WINDOWS\SYSTEM32\WINHTTP.dll
0x00007ffc7eb00000 - 0x00007ffc7eb6a000 	C:\WINDOWS\system32\mswsock.dll
0x00007ffc46ae0000 - 0x00007ffc46af6000 	C:\Program Files\JetBrains\WebStorm 2023.1\jbr\bin\nio.dll

dbghelp: loaded successfully - version: 4.0.5 - missing functions: none
symbol engine: initialized successfully - sym options: 0x614 - pdb path: .;C:\Program Files\JetBrains\WebStorm 2023.1\jbr\bin;C:\WINDOWS\SYSTEM32;C:\WINDOWS\WinSxS\amd64_microsoft.windows.common-controls_6595b64144ccf1df_6.0.19041.1110_none_60b5254171f9507e;C:\Program Files\JetBrains\WebStorm 2023.1\jbr\bin\server

VM Arguments:
java_command: git4idea.http.GitAskPassApp Password for 'https://Peter2s@github.com': 
java_class_path (initial): C:/Program Files/JetBrains/WebStorm 2023.1/plugins/vcs-git/lib/git4idea-rt.jar;C:/Program Files/JetBrains/WebStorm 2023.1/lib/externalProcess-rt.jar
Launcher Type: SUN_STANDARD

[Global flags]
     intx CICompilerCount                          = 3                                         {product} {ergonomic}
     uint ConcGCThreads                            = 1                                         {product} {ergonomic}
     uint G1ConcRefinementThreads                  = 4                                         {product} {ergonomic}
   size_t G1HeapRegionSize                         = 2097152                                   {product} {ergonomic}
    uintx GCDrainStackTargetSize                   = 64                                        {product} {ergonomic}
   size_t InitialHeapSize                          = 268435456                                 {product} {ergonomic}
   size_t MarkStackSize                            = 4194304                                   {product} {ergonomic}
   size_t MaxHeapSize                              = 4273995776                                {product} {ergonomic}
   size_t MaxNewSize                               = 2562719744                                {product} {ergonomic}
   size_t MinHeapDeltaBytes                        = 2097152                                   {product} {ergonomic}
   size_t MinHeapSize                              = 8388608                                   {product} {ergonomic}
    uintx NonNMethodCodeHeapSize                   = 5832780                                {pd product} {ergonomic}
    uintx NonProfiledCodeHeapSize                  = 122912730                              {pd product} {ergonomic}
    uintx ProfiledCodeHeapSize                     = 122912730                              {pd product} {ergonomic}
    uintx ReservedCodeCacheSize                    = 251658240                              {pd product} {ergonomic}
     bool SegmentedCodeCache                       = true                                      {product} {ergonomic}
   size_t SoftMaxHeapSize                          = 4273995776                             {manageable} {ergonomic}
     bool UseCompressedClassPointers               = true                           {product lp64_product} {ergonomic}
     bool UseCompressedOops                        = true                           {product lp64_product} {ergonomic}
     bool UseG1GC                                  = true                                      {product} {ergonomic}
     bool UseLargePagesIndividualAllocation        = false                                  {pd product} {ergonomic}

Logging:
Log output configuration:
 #0: stdout all=warning uptime,level,tags
 #1: stderr all=off uptime,level,tags

Environment Variables:
PATH=C:\Program Files\Git\mingw64\libexec\git-core;C:\Program Files\Git\mingw64\libexec\git-core;C:\Program Files\Git\mingw64\bin;C:\Program Files\Git\usr\bin;C:\Users\peter\bin;C:\Program Files (x86)\VMware\VMware Workstation\bin;C:\Program Files (x86)\Common Files\Oracle\Java\javapath;C:\WINDOWS\system32;C:\WINDOWS;C:\WINDOWS\System32\Wbem;C:\WINDOWS\System32\WindowsPowerShell\v1.0;C:\WINDOWS\System32\OpenSSH;C:\Program Files\nodejs;C:\Program Files\Git\cmd;C:\Program Files\Amazon\AWSCLIV2;C:\Program Files\PuTTY;C:\Program Files\Java\jdk1.8.0_202\bin;C:\Program Files\MongoDB\Server\6.0\bin;C:\Program Files\MongoDB\Tools\100\bin;C:\Users\Administrator\AppData\Roaming\npm\node_modules\angular-cli\bin\ng;C:\Program Files\Docker\Docker\resources\bin;C:\Program Files\MySQL\MySQL Shell 8.0\bin;C:\Program Files\Java\jdk1.8.0_202\bin;C:\Users\peter\AppData\Local\Programs\Microsoft VS Code\bin;C:\Users\peter\AppData\Roaming\npm
USERNAME=peter
DISPLAY=:0.0
LC_ALL=en_US.UTF-8
TERM=xterm-256color
TMPDIR=C:\Users\peter\AppData\Local\Temp
OS=Windows_NT
PROCESSOR_IDENTIFIER=Intel64 Family 6 Model 61 Stepping 4, GenuineIntel
TMP=C:\Users\peter\AppData\Local\Temp
TEMP=C:\Users\peter\AppData\Local\Temp



---------------  S Y S T E M  ---------------

OS:
 Windows 10 , 64 bit Build 19041 (10.0.19041.3031)
OS uptime: 0 days 5:28 hours
Hyper-V role detected

CPU: total 4 (initial active 4) (2 cores per cpu, 2 threads per core) family 6 model 61 stepping 4 microcode 0x2d, cx8, cmov, fxsr, ht, mmx, 3dnowpref, sse, sse2, sse3, ssse3, sse4.1, sse4.2, popcnt, lzcnt, tsc, tscinvbit, avx, avx2, aes, erms, clmul, bmi1, bmi2, adx, fma, vzeroupper, clflush, hv

Memory: 4k page, system-wide physical 16303M (2422M free)
TotalPageFile size 16303M (AvailPageFile size 5M)
current process WorkingSet (physical memory assigned to process): 40M, peak: 40M
current process commit charge ("private bytes"): 333M, peak: 333M

vm_info: OpenJDK 64-Bit Server VM (17.0.6+10-b829.5) for windows-amd64 JRE (17.0.6+10-b829.5), built on 2023-02-24 by "builduser" with MS VC++ 16.10 / 16.11 (VS2019)

END.
