#
# There is insufficient memory for the Java Runtime Environment to continue.
# Native memory allocation (mmap) failed to map 268435456 bytes for G1 virtual space
# Possible reasons:
#   The system is out of physical RAM or swap space
#   The process is running with CompressedOops enabled, and the Java Heap may be blocking the growth of the native heap
# Possible solutions:
#   Reduce memory load on the system
#   Increase physical memory or swap space
#   Check if swap backing store is full
#   Decrease Java heap size (-Xmx/-Xms)
#   Decrease number of Java threads
#   Decrease Java thread stack sizes (-Xss)
#   Set larger code cache with -XX:ReservedCodeCacheSize=
#   JVM is running with Zero Based Compressed Oops mode in which the Java heap is
#     placed in the first 32GB address space. The Java Heap base address is the
#     maximum limit for the native heap growth. Please use -XX:HeapBaseMinAddress
#     to set the Java Heap base and to place the Java Heap above 32GB virtual address.
# This output file may be truncated or incomplete.
#
#  Out of Memory Error (os_windows.cpp:3769), pid=3972, tid=10980
#
# JRE version:  (17.0.6+10) (build )
# Java VM: OpenJDK 64-Bit Server VM (17.0.6+10-b829.5, mixed mode, sharing, tiered, compressed oops, compressed class ptrs, g1 gc, windows-amd64)
# No core dump will be written. Minidumps are not enabled by default on client versions of Windows
#

---------------  S U M M A R Y ------------

Command Line: git4idea.http.GitAskPassApp Username for 'https://github.com': 

Host: Intel(R) Core(TM) i5-5200U CPU @ 2.20GHz, 4 cores, 15G,  Windows 10 , 64 bit Build 19041 (10.0.19041.3031)
Time: Wed Jun 21 00:41:44 2023 Egypt Daylight Time elapsed time: 0.034336 seconds (0d 0h 0m 0s)

---------------  T H R E A D  ---------------

Current thread (0x000001af37acb100):  JavaThread "Unknown thread" [_thread_in_vm, id=10980, stack(0x0000001ffd600000,0x0000001ffd700000)]

Stack: [0x0000001ffd600000,0x0000001ffd700000]
Native frames: (J=compiled Java code, j=interpreted, Vv=VM code, C=native code)
V  [jvm.dll+0x683b4a]
V  [jvm.dll+0x842654]
V  [jvm.dll+0x843dfe]
V  [jvm.dll+0x844463]
V  [jvm.dll+0x249b75]
V  [jvm.dll+0x680a19]
V  [jvm.dll+0x674f0a]
V  [jvm.dll+0x309acb]
V  [jvm.dll+0x310f86]
V  [jvm.dll+0x3608ee]
V  [jvm.dll+0x360b1f]
V  [jvm.dll+0x2dfbf8]
V  [jvm.dll+0x2e0b64]
V  [jvm.dll+0x813f41]
V  [jvm.dll+0x36e6a1]
V  [jvm.dll+0x7f347c]
V  [jvm.dll+0x3f0e8f]
V  [jvm.dll+0x3f29d1]
C  [jli.dll+0x526b]
C  [ucrtbase.dll+0x21bb2]
C  [KERNEL32.DLL+0x17614]
C  [ntdll.dll+0x526f1]


---------------  P R O C E S S  ---------------

Threads class SMR info:
_java_thread_list=0x00007ffc476bc058, length=0, elements={
}

Java Threads: ( => current thread )

Other Threads:
  0x000001af37b35900 GCTaskThread "GC Thread#0" [stack: 0x0000001ffd700000,0x0000001ffd800000] [id=7616]
  0x000001af37b47620 ConcurrentGCThread "G1 Main Marker" [stack: 0x0000001ffd800000,0x0000001ffd900000] [id=9064]
  0x000001af37b486e0 ConcurrentGCThread "G1 Conc#0" [stack: 0x0000001ffd900000,0x0000001ffda00000] [id=15464]

[error occurred during error reporting (printing all threads), id 0xc0000005, EXCEPTION_ACCESS_VIOLATION (0xc0000005) at pc=0x00007ffc46e70797]

VM state: not at safepoint (not fully initialized)

VM Mutex/Monitor currently owned by a thread:  ([mutex/lock_event])
[0x000001af37ac6b10] Heap_lock - owner thread: 0x000001af37acb100

Heap address: 0x0000000701400000, size: 4076 MB, Compressed Oops mode: Zero based, Oop shift amount: 3

CDS archive(s) mapped at: [0x0000000000000000-0x0000000000000000-0x0000000000000000), size 0, SharedBaseAddress: 0x0000000800000000, ArchiveRelocationMode: 0.
Narrow klass base: 0x0000000000000000, Narrow klass shift: 0, Narrow klass range: 0x0

GC Precious Log:
<Empty>

Heap:
 garbage-first heap   total 0K, used 0K [0x0000000701400000, 0x0000000800000000)
  region size 2048K, 0 young (0K), 0 survivors (0K)

[error occurred during error reporting (printing heap information), id 0xc0000005, EXCEPTION_ACCESS_VIOLATION (0xc0000005) at pc=0x00007ffc4725d939]

GC Heap History (0 events):
No events

Dll operation events (1 events):
Event: 0.020 Loaded shared library C:\Program Files\JetBrains\WebStorm 2023.1\jbr\bin\java.dll

Deoptimization events (0 events):
No events

Classes unloaded (0 events):
No events

Classes redefined (0 events):
No events

Internal exceptions (0 events):
No events

VM Operations (0 events):
No events

Events (0 events):
No events


Dynamic libraries:
0x00007ff6033e0000 - 0x00007ff6033ea000 	C:\Program Files\JetBrains\WebStorm 2023.1\jbr\bin\java.exe
0x00007ffc81cd0000 - 0x00007ffc81ec8000 	C:\WINDOWS\SYSTEM32\ntdll.dll
0x00007ffc80e30000 - 0x00007ffc80eef000 	C:\WINDOWS\System32\KERNEL32.DLL
0x00007ffc7f400000 - 0x00007ffc7f6f6000 	C:\WINDOWS\System32\KERNELBASE.dll
0x00007ffc7f820000 - 0x00007ffc7f920000 	C:\WINDOWS\System32\ucrtbase.dll
0x00007ffc466f0000 - 0x00007ffc46707000 	C:\Program Files\JetBrains\WebStorm 2023.1\jbr\bin\jli.dll
0x00007ffc6c060000 - 0x00007ffc6c07b000 	C:\Program Files\JetBrains\WebStorm 2023.1\jbr\bin\VCRUNTIME140.dll
0x00007ffc80540000 - 0x00007ffc806dd000 	C:\WINDOWS\System32\USER32.dll
0x00007ffc70d50000 - 0x00007ffc70fea000 	C:\WINDOWS\WinSxS\amd64_microsoft.windows.common-controls_6595b64144ccf1df_6.0.19041.1110_none_60b5254171f9507e\COMCTL32.dll
0x00007ffc7fcd0000 - 0x00007ffc7fcf2000 	C:\WINDOWS\System32\win32u.dll
0x00007ffc80380000 - 0x00007ffc8041e000 	C:\WINDOWS\System32\msvcrt.dll
0x00007ffc81c60000 - 0x00007ffc81c8c000 	C:\WINDOWS\System32\GDI32.dll
0x00007ffc7f700000 - 0x00007ffc7f815000 	C:\WINDOWS\System32\gdi32full.dll
0x00007ffc7f9b0000 - 0x00007ffc7fa4d000 	C:\WINDOWS\System32\msvcp_win.dll
0x00007ffc818f0000 - 0x00007ffc81920000 	C:\WINDOWS\System32\IMM32.DLL
0x00007ffc79ab0000 - 0x00007ffc79abc000 	C:\Program Files\JetBrains\WebStorm 2023.1\jbr\bin\vcruntime140_1.dll
0x00007ffc5cfc0000 - 0x00007ffc5d04d000 	C:\Program Files\JetBrains\WebStorm 2023.1\jbr\bin\msvcp140.dll
0x00007ffc46b80000 - 0x00007ffc477ed000 	C:\Program Files\JetBrains\WebStorm 2023.1\jbr\bin\server\jvm.dll
0x00007ffc81360000 - 0x00007ffc8140f000 	C:\WINDOWS\System32\ADVAPI32.dll
0x00007ffc817f0000 - 0x00007ffc8188c000 	C:\WINDOWS\System32\sechost.dll
0x00007ffc81920000 - 0x00007ffc81a46000 	C:\WINDOWS\System32\RPCRT4.dll
0x00007ffc75b60000 - 0x00007ffc75b69000 	C:\WINDOWS\SYSTEM32\WSOCK32.dll
0x00007ffc6bfc0000 - 0x00007ffc6bfe7000 	C:\WINDOWS\SYSTEM32\WINMM.dll
0x00007ffc80240000 - 0x00007ffc802ab000 	C:\WINDOWS\System32\WS2_32.dll
0x00007ffc75090000 - 0x00007ffc7509a000 	C:\WINDOWS\SYSTEM32\VERSION.dll
0x00007ffc7d220000 - 0x00007ffc7d232000 	C:\WINDOWS\SYSTEM32\kernel.appcore.dll
0x00007ffc46b70000 - 0x00007ffc46b7a000 	C:\Program Files\JetBrains\WebStorm 2023.1\jbr\bin\jimage.dll
0x00007ffc76940000 - 0x00007ffc76b24000 	C:\WINDOWS\SYSTEM32\DBGHELP.DLL
0x00007ffc70ff0000 - 0x00007ffc71024000 	C:\WINDOWS\SYSTEM32\dbgcore.DLL
0x00007ffc7f920000 - 0x00007ffc7f9a2000 	C:\WINDOWS\System32\bcryptPrimitives.dll
0x00007ffc46b40000 - 0x00007ffc46b65000 	C:\Program Files\JetBrains\WebStorm 2023.1\jbr\bin\java.dll

dbghelp: loaded successfully - version: 4.0.5 - missing functions: none
symbol engine: initialized successfully - sym options: 0x614 - pdb path: .;C:\Program Files\JetBrains\WebStorm 2023.1\jbr\bin;C:\WINDOWS\SYSTEM32;C:\WINDOWS\WinSxS\amd64_microsoft.windows.common-controls_6595b64144ccf1df_6.0.19041.1110_none_60b5254171f9507e;C:\Program Files\JetBrains\WebStorm 2023.1\jbr\bin\server

VM Arguments:
java_command: git4idea.http.GitAskPassApp Username for 'https://github.com': 
java_class_path (initial): C:/Program Files/JetBrains/WebStorm 2023.1/plugins/vcs-git/lib/git4idea-rt.jar;C:/Program Files/JetBrains/WebStorm 2023.1/lib/externalProcess-rt.jar
Launcher Type: SUN_STANDARD

[Global flags]
     intx CICompilerCount                          = 3                                         {product} {ergonomic}
     uint ConcGCThreads                            = 1                                         {product} {ergonomic}
     uint G1ConcRefinementThreads                  = 4                                         {product} {ergonomic}
   size_t G1HeapRegionSize                         = 2097152                                   {product} {ergonomic}
    uintx GCDrainStackTargetSize                   = 64                                        {product} {ergonomic}
   size_t InitialHeapSize                          = 268435456                                 {product} {ergonomic}
   size_t MarkStackSize                            = 4194304                                   {product} {ergonomic}
   size_t MaxHeapSize                              = 4273995776                                {product} {ergonomic}
   size_t MinHeapDeltaBytes                        = 2097152                                   {product} {ergonomic}
   size_t MinHeapSize                              = 8388608                                   {product} {ergonomic}
    uintx NonNMethodCodeHeapSize                   = 5832780                                {pd product} {ergonomic}
    uintx NonProfiledCodeHeapSize                  = 122912730                              {pd product} {ergonomic}
    uintx ProfiledCodeHeapSize                     = 122912730                              {pd product} {ergonomic}
    uintx ReservedCodeCacheSize                    = 251658240                              {pd product} {ergonomic}
     bool SegmentedCodeCache                       = true                                      {product} {ergonomic}
   size_t SoftMaxHeapSize                          = 4273995776                             {manageable} {ergonomic}
     bool UseCompressedClassPointers               = true                           {product lp64_product} {ergonomic}
     bool UseCompressedOops                        = true                           {product lp64_product} {ergonomic}
     bool UseG1GC                                  = true                                      {product} {ergonomic}
     bool UseLargePagesIndividualAllocation        = false                                  {pd product} {ergonomic}

Logging:
Log output configuration:
 #0: stdout all=warning uptime,level,tags
 #1: stderr all=off uptime,level,tags

Environment Variables:
PATH=C:\Program Files\Git\mingw64\libexec\git-core;C:\Program Files\Git\mingw64\libexec\git-core;C:\Program Files\Git\mingw64\bin;C:\Program Files\Git\usr\bin;C:\Users\peter\bin;C:\Program Files (x86)\VMware\VMware Workstation\bin;C:\Program Files (x86)\Common Files\Oracle\Java\javapath;C:\WINDOWS\system32;C:\WINDOWS;C:\WINDOWS\System32\Wbem;C:\WINDOWS\System32\WindowsPowerShell\v1.0;C:\WINDOWS\System32\OpenSSH;C:\Program Files\nodejs;C:\Program Files\Git\cmd;C:\Program Files\Amazon\AWSCLIV2;C:\Program Files\PuTTY;C:\Program Files\Java\jdk1.8.0_202\bin;C:\Program Files\MongoDB\Server\6.0\bin;C:\Program Files\MongoDB\Tools\100\bin;C:\Users\Administrator\AppData\Roaming\npm\node_modules\angular-cli\bin\ng;C:\Program Files\Docker\Docker\resources\bin;C:\Program Files\MySQL\MySQL Shell 8.0\bin;C:\Program Files\Java\jdk1.8.0_202\bin;C:\Users\peter\AppData\Local\Programs\Microsoft VS Code\bin;C:\Users\peter\AppData\Roaming\npm
USERNAME=peter
DISPLAY=:0.0
LC_ALL=en_US.UTF-8
TERM=xterm-256color
TMPDIR=C:\Users\peter\AppData\Local\Temp
OS=Windows_NT
PROCESSOR_IDENTIFIER=Intel64 Family 6 Model 61 Stepping 4, GenuineIntel
TMP=C:\Users\peter\AppData\Local\Temp
TEMP=C:\Users\peter\AppData\Local\Temp



---------------  S Y S T E M  ---------------

OS:
 Windows 10 , 64 bit Build 19041 (10.0.19041.3031)
OS uptime: 0 days 5:04 hours
Hyper-V role detected

CPU: total 4 (initial active 4) (2 cores per cpu, 2 threads per core) family 6 model 61 stepping 4 microcode 0x2d, cx8, cmov, fxsr, ht, mmx, 3dnowpref, sse, sse2, sse3, ssse3, sse4.1, sse4.2, popcnt, lzcnt, tsc, tscinvbit, avx, avx2, aes, erms, clmul, bmi1, bmi2, adx, fma, vzeroupper, clflush, hv

Memory: 4k page, system-wide physical 16303M (2651M free)
TotalPageFile size 16303M (AvailPageFile size 194M)
current process WorkingSet (physical memory assigned to process): 10M, peak: 10M
current process commit charge ("private bytes"): 51M, peak: 307M

vm_info: OpenJDK 64-Bit Server VM (17.0.6+10-b829.5) for windows-amd64 JRE (17.0.6+10-b829.5), built on 2023-02-24 by "builduser" with MS VC++ 16.10 / 16.11 (VS2019)

END.
